Query: Analyze the legal precedents and risks around AI-generated content and copyright infringement in federal courts

Cases: []

Formatted Cases: No relevant cases found.

f:{"messageId":"msg-qJJgRIiPtFjJhYfNOLlMlAvB"}
0:"I"
0:"'m"
0:" sorry"
0:" for"
0:" the"
0:" confusion"
0:","
0:" but"
0:" without"
0:" specific"
0:" case"
0:" data"
0:","
0:" I"
0:"'m"
0:" unable"
0:" to"
0:" provide"
0:" a"
0:" detailed"
0:" analysis"
0:"."
0:" However"
0:","
0:" I"
0:" can"
0:" provide"
0:" a"
0:" general"
0:" overview"
0:" based"
0:" on"
0:" existing"
0:" legal"
0:" principles"
0:" and"
0:" trends"
0:".\n\n"
0:"1"
0:"."
0:" LEG"
0:"AL"
0:" T"
0:"REN"
0:"DS"
0:" &"
0:" INS"
0:"IGHT"
0:"S"
0:"\n"
0:"-"
0:" Key"
0:" Legal"
0:" Principles"
0:":"
0:" \n"
0:" "
0:" -"
0:" Copyright"
0:" law"
0:" protects"
0:" original"
0:" works"
0:" of"
0:" author"
0:"ship"
0:","
0:" but"
0:" it"
0:"'s"
0:" unclear"
0:" whether"
0:" AI"
0:"-generated"
0:" content"
0:" can"
0:" be"
0:" considered"
0:" \""
0:"original"
0:"\""
0:" since"
0:" it"
0:"'s"
0:" created"
0:" by"
0:" a"
0:" machine"
0:","
0:" not"
0:" a"
0:" human"
0:".\n"
0:" "
0:" -"
0:" In"
0:" the"
0:" U"
0:".S"
0:".,"
0:" the"
0:" Copyright"
0:" Office"
0:" has"
0:" stated"
0:" that"
0:" it"
0:" will"
0:" only"
0:" register"
0:" works"
0:" created"
0:" by"
0:" human"
0:" beings"
0:","
0:" not"
0:" by"
0:" machines"
0:" or"
0:" mere"
0:" mechanical"
0:" processes"
0:".\n"
0:"-"
0:" Emerging"
0:" Trends"
0:":"
0:" \n"
0:" "
0:" -"
0:" Courts"
0:" have"
0:" yet"
0:" to"
0:" definit"
0:"ively"
0:" rule"
0:" on"
0:" whether"
0:" AI"
0:"-generated"
0:" content"
0:" can"
0:" be"
0:" copyrighted"
0:"."
0:" This"
0:" is"
0:" a"
0:" rapidly"
0:" evolving"
0:" area"
0:" of"
0:" law"
0:","
0:" and"
0:" future"
0:" court"
0:" decisions"
0:" could"
0:" significantly"
0:" impact"
0:" the"
0:" legal"
0:" landscape"
0:".\n"
0:"-"
0:" Risk"
0:" Factors"
0:":"
0:" \n"
0:" "
0:" -"
0:" If"
0:" AI"
0:"-generated"
0:" content"
0:" is"
0:" found"
0:" to"
0:" infr"
0:"inge"
0:" on"
0:" existing"
0:" copyrights"
0:","
0:" the"
0:" creators"
0:" or"
0:" users"
0:" of"
0:" the"
0:" AI"
0:" could"
0:" potentially"
0:" be"
0:" held"
0:" liable"
0:".\n"
0:" "
0:" -"
0:" If"
0:" AI"
0:"-generated"
0:" content"
0:" is"
0:" not"
0:" eligible"
0:" for"
0:" copyright"
0:" protection"
0:","
0:" it"
0:" could"
0:" be"
0:" freely"
0:" used"
0:" or"
0:" copied"
0:" by"
0:" others"
0:" without"
0:" permission"
0:".\n\n"
0:"2"
0:"."
0:" CASE"
0:" ANAL"
0:"YSIS"
0:"\n"
0:"Without"
0:" specific"
0:" cases"
0:" to"
0:" analyze"
0:","
0:" I"
0:" can"
0:" only"
0:" provide"
0:" general"
0:" advice"
0:":\n"
0:"-"
0:" Strategic"
0:" Imp"
0:"lications"
0:":"
0:" \n"
0:" "
0:" -"
0:" AI"
0:" content"
0:" creators"
0:" should"
0:" be"
0:" aware"
0:" of"
0:" the"
0:" potential"
0:" legal"
0:" risks"
0:" and"
0:" uncertainties"
0:" surrounding"
0:" copyright"
0:" infringement"
0:" and"
0:" AI"
0:".\n"
0:" "
0:" -"
0:" They"
0:" should"
0:" also"
0:" monitor"
0:" ongoing"
0:" legal"
0:" developments"
0:" in"
0:" this"
0:" area"
0:".\n"
0:"-"
0:" Risk"
0:" Mit"
0:"igation"
0:":"
0:" \n"
0:" "
0:" -"
0:" To"
0:" minimize"
0:" the"
0:" risk"
0:" of"
0:" copyright"
0:" infringement"
0:","
0:" AI"
0:" should"
0:" be"
0:" trained"
0:" on"
0:" a"
0:" diverse"
0:" range"
0:" of"
0:" sources"
0:","
0:" and"
0:" care"
0:" should"
0:" be"
0:" taken"
0:" to"
0:" avoid"
0:" using"
0:" copyrighted"
0:" material"
0:" without"
0:" permission"
0:".\n"
0:" "
0:" -"
0:" To"
0:" protect"
0:" their"
0:" own"
0:" work"
0:","
0:" AI"
0:" content"
0:" creators"
0:" could"
0:" consider"
0:" other"
0:" forms"
0:" of"
0:" intellectual"
0:" property"
0:" protection"
0:","
0:" such"
0:" as"
0:" patents"
0:" or"
0:" trade"
0:" secrets"
0:".\n\n"
0:"3"
0:"."
0:" EXEC"
0:"UT"
0:"IVE"
0:" SUMMARY"
0:"\n"
0:"The"
0:" legal"
0:" status"
0:" of"
0:" AI"
0:"-generated"
0:" content"
0:" is"
0:" currently"
0:" uncertain"
0:","
0:" with"
0:" potential"
0:" risks"
0:" including"
0:" copyright"
0:" infringement"
0:" and"
0:" lack"
0:" of"
0:" copyright"
0:" protection"
0:"."
0:" AI"
0:" content"
0:" creators"
0:" should"
0:" be"
0:" aware"
0:" of"
0:" these"
0:" risks"
0:" and"
0:" take"
0:" steps"
0:" to"
0:" mitigate"
0:" them"
0:","
0:" such"
0:" as"
0:" avoiding"
0:" the"
0:" use"
0:" of"
0:" copyrighted"
0:" material"
0:" without"
0:" permission"
0:" and"
0:" considering"
0:" other"
0:" forms"
0:" of"
0:" intellectual"
0:" property"
0:" protection"
0:"."
0:" They"
0:" should"
0:" also"
0:" stay"
0:" informed"
0:" about"
0:" ongoing"
0:" legal"
0:" developments"
0:" in"
0:" this"
0:" rapidly"
0:" evolving"
0:" area"
0:"."
e:{"finishReason":"stop","usage":{"promptTokens":461,"completionTokens":432},"isContinued":false}
d:{"finishReason":"stop","usage":{"promptTokens":461,"completionTokens":432}}
