Query: Analyze the legal precedents and risks around medical device product liability cases in federal courts, focusing on: Common patterns in defective product claims Key factors courts consider in determining liability Recent trends in settlement amounts Jurisdictional considerations for filing Impact of FDA approval status on liability Please support your analysis with specific case references and citation patterns.

Cases: []

Formatted Cases: No relevant cases found.

f:{"messageId":"msg-6H4P4kU58LWoFhvoqs9yqFZo"}
0:"I"
0:"'m"
0:" sorry"
0:" for"
0:" any"
0:" confusion"
0:","
0:" but"
0:" as"
0:" a"
0:" language"
0:" model"
0:" AI"
0:" developed"
0:" by"
0:" Open"
0:"AI"
0:","
0:" I"
0:" don"
0:"'t"
0:" have"
0:" the"
0:" ability"
0:" to"
0:" access"
0:" real"
0:"-time"
0:" databases"
0:" or"
0:" provide"
0:" specific"
0:" case"
0:" references"
0:" and"
0:" citation"
0:" patterns"
0:"."
0:" However"
0:","
0:" I"
0:" can"
0:" provide"
0:" a"
0:" general"
0:" overview"
0:" on"
0:" your"
0:" request"
0:".\n\n"
0:"1"
0:"."
0:" Def"
0:"ective"
0:" Product"
0:" Claims"
0:":"
0:" Medical"
0:" device"
0:" product"
0:" liability"
0:" cases"
0:" often"
0:" involve"
0:" three"
0:" types"
0:" of"
0:" defects"
0:":"
0:" manufacturing"
0:" defects"
0:","
0:" design"
0:" defects"
0:","
0:" and"
0:" warning"
0:" defects"
0:" ("
0:"failure"
0:" to"
0:" provide"
0:" adequate"
0:" instructions"
0:" or"
0:" warnings"
0:")."
0:" A"
0:" pattern"
0:" seen"
0:" in"
0:" numerous"
0:" cases"
0:" is"
0:" the"
0:" claim"
0:" that"
0:" a"
0:" safer"
0:" alternative"
0:" design"
0:" was"
0:" available"
0:" and"
0:" not"
0:" pursued"
0:","
0:" or"
0:" that"
0:" the"
0:" potential"
0:" risks"
0:" of"
0:" the"
0:" device"
0:" were"
0:" not"
0:" adequately"
0:" communicated"
0:" to"
0:" the"
0:" user"
0:".\n\n"
0:"2"
0:"."
0:" Key"
0:" Factors"
0:" in"
0:" Determin"
0:"ing"
0:" Liability"
0:":"
0:" Courts"
0:" often"
0:" consider"
0:" the"
0:" following"
0:" factors"
0:":"
0:" whether"
0:" the"
0:" medical"
0:" device"
0:" was"
0:" used"
0:" as"
0:" intended"
0:" or"
0:" mis"
0:"used"
0:" in"
0:" a"
0:" foreseeable"
0:" way"
0:";"
0:" whether"
0:" the"
0:" manufacturer"
0:" met"
0:" the"
0:" standards"
0:" for"
0:" testing"
0:","
0:" manufacturing"
0:","
0:" and"
0:" quality"
0:" control"
0:";"
0:" whether"
0:" the"
0:" manufacturer"
0:" knew"
0:" or"
0:" should"
0:" have"
0:" known"
0:" of"
0:" the"
0:" risk"
0:";"
0:" and"
0:" whether"
0:" the"
0:" manufacturer"
0:" provided"
0:" sufficient"
0:" warnings"
0:" or"
0:" instructions"
0:".\n\n"
0:"3"
0:"."
0:" Trends"
0:" in"
0:" Settlement"
0:" Amount"
0:"s"
0:":"
0:" Trends"
0:" can"
0:" vary"
0:" widely"
0:" based"
0:" on"
0:" the"
0:" specific"
0:" circumstances"
0:" of"
0:" each"
0:" case"
0:","
0:" including"
0:" the"
0:" severity"
0:" of"
0:" the"
0:" injury"
0:","
0:" the"
0:" strength"
0:" of"
0:" the"
0:" evidence"
0:","
0:" and"
0:" the"
0:" degree"
0:" of"
0:" manufacturer"
0:" fault"
0:"."
0:" Some"
0:" high"
0:"-profile"
0:" cases"
0:" involving"
0:" large"
0:" numbers"
0:" of"
0:" claim"
0:"ants"
0:" have"
0:" resulted"
0:" in"
0:" substantial"
0:" settlements"
0:".\n\n"
0:"4"
0:"."
0:" Jur"
0:"isdiction"
0:"al"
0:" Consider"
0:"ations"
0:":"
0:" Plaint"
0:"iffs"
0:" often"
0:" prefer"
0:" to"
0:" file"
0:" lawsuits"
0:" in"
0:" state"
0:" courts"
0:","
0:" which"
0:" are"
0:" perceived"
0:" to"
0:" be"
0:" more"
0:" plaintiff"
0:"-friendly"
0:"."
0:" However"
0:","
0:" defendants"
0:" often"
0:" try"
0:" to"
0:" move"
0:" cases"
0:" to"
0:" federal"
0:" courts"
0:"."
0:" The"
0:" jurisdiction"
0:" can"
0:" significantly"
0:" affect"
0:" the"
0:" outcome"
0:" of"
0:" the"
0:" case"
0:".\n\n"
0:"5"
0:"."
0:" Impact"
0:" of"
0:" FDA"
0:" Approval"
0:":"
0:" While"
0:" obtaining"
0:" FDA"
0:" approval"
0:" can"
0:" provide"
0:" a"
0:" manufacturer"
0:" with"
0:" some"
0:" degree"
0:" of"
0:" protection"
0:","
0:" it"
0:" does"
0:" not"
0:" necessarily"
0:" shield"
0:" a"
0:" company"
0:" from"
0:" liability"
0:"."
0:" Courts"
0:" often"
0:" consider"
0:" whether"
0:" the"
0:" manufacturer"
0:" fully"
0:" disclosed"
0:" all"
0:" relevant"
0:" information"
0:" to"
0:" the"
0:" FDA"
0:" during"
0:" the"
0:" approval"
0:" process"
0:".\n\n"
0:"Please"
0:" consult"
0:" a"
0:" legal"
0:" professional"
0:" for"
0:" advice"
0:" tailored"
0:" to"
0:" a"
0:" specific"
0:" situation"
0:"."
e:{"finishReason":"stop","usage":{"promptTokens":1168,"completionTokens":364},"isContinued":false}
d:{"finishReason":"stop","usage":{"promptTokens":1168,"completionTokens":364}}


Full Response: f:{"messageId":"msg-6H4P4kU58LWoFhvoqs9yqFZo"}
0:"I"
0:"'m"
0:" sorry"
0:" for"
0:" any"
0:" confusion"
0:","
0:" but"
0:" as"
0:" a"
0:" language"
0:" model"
0:" AI"
0:" developed"
0:" by"
0:" Open"
0:"AI"
0:","
0:" I"
0:" don"
0:"'t"
0:" have"
0:" the"
0:" ability"
0:" to"
0:" access"
0:" real"
0:"-time"
0:" databases"
0:" or"
0:" provide"
0:" specific"
0:" case"
0:" references"
0:" and"
0:" citation"
0:" patterns"
0:"."
0:" However"
0:","
0:" I"
0:" can"
0:" provide"
0:" a"
0:" general"
0:" overview"
0:" on"
0:" your"
0:" request"
0:".\n\n"
0:"1"
0:"."
0:" Def"
0:"ective"
0:" Product"
0:" Claims"
0:":"
0:" Medical"
0:" device"
0:" product"
0:" liability"
0:" cases"
0:" often"
0:" involve"
0:" three"
0:" types"
0:" of"
0:" defects"
0:":"
0:" manufacturing"
0:" defects"
0:","
0:" design"
0:" defects"
0:","
0:" and"
0:" warning"
0:" defects"
0:" ("
0:"failure"
0:" to"
0:" provide"
0:" adequate"
0:" instructions"
0:" or"
0:" warnings"
0:")."
0:" A"
0:" pattern"
0:" seen"
0:" in"
0:" numerous"
0:" cases"
0:" is"
0:" the"
0:" claim"
0:" that"
0:" a"
0:" safer"
0:" alternative"
0:" design"
0:" was"
0:" available"
0:" and"
0:" not"
0:" pursued"
0:","
0:" or"
0:" that"
0:" the"
0:" potential"
0:" risks"
0:" of"
0:" the"
0:" device"
0:" were"
0:" not"
0:" adequately"
0:" communicated"
0:" to"
0:" the"
0:" user"
0:".\n\n"
0:"2"
0:"."
0:" Key"
0:" Factors"
0:" in"
0:" Determin"
0:"ing"
0:" Liability"
0:":"
0:" Courts"
0:" often"
0:" consider"
0:" the"
0:" following"
0:" factors"
0:":"
0:" whether"
0:" the"
0:" medical"
0:" device"
0:" was"
0:" used"
0:" as"
0:" intended"
0:" or"
0:" mis"
0:"used"
0:" in"
0:" a"
0:" foreseeable"
0:" way"
0:";"
0:" whether"
0:" the"
0:" manufacturer"
0:" met"
0:" the"
0:" standards"
0:" for"
0:" testing"
0:","
0:" manufacturing"
0:","
0:" and"
0:" quality"
0:" control"
0:";"
0:" whether"
0:" the"
0:" manufacturer"
0:" knew"
0:" or"
0:" should"
0:" have"
0:" known"
0:" of"
0:" the"
0:" risk"
0:";"
0:" and"
0:" whether"
0:" the"
0:" manufacturer"
0:" provided"
0:" sufficient"
0:" warnings"
0:" or"
0:" instructions"
0:".\n\n"
0:"3"
0:"."
0:" Trends"
0:" in"
0:" Settlement"
0:" Amount"
0:"s"
0:":"
0:" Trends"
0:" can"
0:" vary"
0:" widely"
0:" based"
0:" on"
0:" the"
0:" specific"
0:" circumstances"
0:" of"
0:" each"
0:" case"
0:","
0:" including"
0:" the"
0:" severity"
0:" of"
0:" the"
0:" injury"
0:","
0:" the"
0:" strength"
0:" of"
0:" the"
0:" evidence"
0:","
0:" and"
0:" the"
0:" degree"
0:" of"
0:" manufacturer"
0:" fault"
0:"."
0:" Some"
0:" high"
0:"-profile"
0:" cases"
0:" involving"
0:" large"
0:" numbers"
0:" of"
0:" claim"
0:"ants"
0:" have"
0:" resulted"
0:" in"
0:" substantial"
0:" settlements"
0:".\n\n"
0:"4"
0:"."
0:" Jur"
0:"isdiction"
0:"al"
0:" Consider"
0:"ations"
0:":"
0:" Plaint"
0:"iffs"
0:" often"
0:" prefer"
0:" to"
0:" file"
0:" lawsuits"
0:" in"
0:" state"
0:" courts"
0:","
0:" which"
0:" are"
0:" perceived"
0:" to"
0:" be"
0:" more"
0:" plaintiff"
0:"-friendly"
0:"."
0:" However"
0:","
0:" defendants"
0:" often"
0:" try"
0:" to"
0:" move"
0:" cases"
0:" to"
0:" federal"
0:" courts"
0:"."
0:" The"
0:" jurisdiction"
0:" can"
0:" significantly"
0:" affect"
0:" the"
0:" outcome"
0:" of"
0:" the"
0:" case"
0:".\n\n"
0:"5"
0:"."
0:" Impact"
0:" of"
0:" FDA"
0:" Approval"
0:":"
0:" While"
0:" obtaining"
0:" FDA"
0:" approval"
0:" can"
0:" provide"
0:" a"
0:" manufacturer"
0:" with"
0:" some"
0:" degree"
0:" of"
0:" protection"
0:","
0:" it"
0:" does"
0:" not"
0:" necessarily"
0:" shield"
0:" a"
0:" company"
0:" from"
0:" liability"
0:"."
0:" Courts"
0:" often"
0:" consider"
0:" whether"
0:" the"
0:" manufacturer"
0:" fully"
0:" disclosed"
0:" all"
0:" relevant"
0:" information"
0:" to"
0:" the"
0:" FDA"
0:" during"
0:" the"
0:" approval"
0:" process"
0:".\n\n"
0:"Please"
0:" consult"
0:" a"
0:" legal"
0:" professional"
0:" for"
0:" advice"
0:" tailored"
0:" to"
0:" a"
0:" specific"
0:" situation"
0:"."
e:{"finishReason":"stop","usage":{"promptTokens":1168,"completionTokens":364},"isContinued":false}
d:{"finishReason":"stop","usage":{"promptTokens":1168,"completionTokens":364}}

