Query: Analyze the legal precedents and risks around AI-generated content and copyright infringement in federal courts

Cases: []

Formatted Cases: No relevant cases found.

f:{"messageId":"msg-7nZRmh7PXGTOnpTawZspMoKM"}
0:"I"
0:"'m"
0:" sorry"
0:" for"
0:" the"
0:" confusion"
0:","
0:" but"
0:" without"
0:" specific"
0:" case"
0:" data"
0:","
0:" I"
0:" can"
0:"'t"
0:" provide"
0:" the"
0:" detailed"
0:" analysis"
0:" you"
0:"'re"
0:" asking"
0:" for"
0:"."
0:" However"
0:","
0:" I"
0:" can"
0:" provide"
0:" a"
0:" general"
0:" overview"
0:" of"
0:" the"
0:" topic"
0:".\n\n"
0:"1"
0:"."
0:" LEG"
0:"AL"
0:" T"
0:"REN"
0:"DS"
0:" &"
0:" INS"
0:"IGHT"
0:"S"
0:"\n\n"
0:"-"
0:" Key"
0:" Legal"
0:" Principles"
0:":"
0:" \n"
0:" "
0:" -"
0:" Copyright"
0:" law"
0:" protects"
0:" original"
0:" works"
0:" of"
0:" author"
0:"ship"
0:","
0:" but"
0:" it"
0:"'s"
0:" unclear"
0:" whether"
0:" AI"
0:"-generated"
0:" content"
0:" can"
0:" be"
0:" considered"
0:" \""
0:"original"
0:"\""
0:" since"
0:" it"
0:"'s"
0:" created"
0:" by"
0:" a"
0:" machine"
0:","
0:" not"
0:" a"
0:" human"
0:".\n"
0:" "
0:" -"
0:" In"
0:" the"
0:" U"
0:".S"
0:".,"
0:" the"
0:" Copyright"
0:" Office"
0:" has"
0:" stated"
0:" that"
0:" it"
0:" will"
0:" only"
0:" register"
0:" works"
0:" created"
0:" by"
0:" human"
0:" beings"
0:","
0:" not"
0:" by"
0:" machines"
0:" or"
0:" mere"
0:" mechanical"
0:" processes"
0:".\n"
0:"  \n"
0:"-"
0:" Emerging"
0:" Trends"
0:":"
0:" \n"
0:" "
0:" -"
0:" Courts"
0:" have"
0:" not"
0:" yet"
0:" definit"
0:"ively"
0:" ruled"
0:" on"
0:" whether"
0:" AI"
0:"-generated"
0:" content"
0:" can"
0:" be"
0:" copyrighted"
0:"."
0:" However"
0:","
0:" the"
0:" trend"
0:" seems"
0:" to"
0:" be"
0:" towards"
0:" not"
0:" allowing"
0:" copyright"
0:" for"
0:" such"
0:" content"
0:","
0:" based"
0:" on"
0:" the"
0:" Copyright"
0:" Office"
0:"'s"
0:" stance"
0:".\n"
0:"  \n"
0:"-"
0:" Risk"
0:" Factors"
0:":"
0:" \n"
0:" "
0:" -"
0:" If"
0:" AI"
0:"-generated"
0:" content"
0:" can"
0:"'t"
0:" be"
0:" copyrighted"
0:","
0:" then"
0:" anyone"
0:" can"
0:" use"
0:" it"
0:" without"
0:" permission"
0:","
0:" potentially"
0:" leading"
0:" to"
0:" loss"
0:" of"
0:" revenue"
0:" for"
0:" the"
0:" creator"
0:".\n"
0:" "
0:" -"
0:" If"
0:" AI"
0:"-generated"
0:" content"
0:" is"
0:" found"
0:" to"
0:" infr"
0:"inge"
0:" on"
0:" existing"
0:" copyrights"
0:","
0:" the"
0:" creator"
0:" could"
0:" be"
0:" held"
0:" liable"
0:" for"
0:" damages"
0:".\n\n"
0:"2"
0:"."
0:" CASE"
0:" ANAL"
0:"YSIS"
0:"\n\n"
0:"Without"
0:" specific"
0:" cases"
0:" to"
0:" analyze"
0:","
0:" I"
0:" can"
0:"'t"
0:" provide"
0:" this"
0:" information"
0:".\n\n"
0:"3"
0:"."
0:" EXEC"
0:"UT"
0:"IVE"
0:" SUMMARY"
0:"\n\n"
0:"The"
0:" legal"
0:" landscape"
0:" for"
0:" AI"
0:"-generated"
0:" content"
0:" is"
0:" uncertain"
0:" and"
0:" evolving"
0:"."
0:" Currently"
0:","
0:" it"
0:" seems"
0:" unlikely"
0:" that"
0:" such"
0:" content"
0:" can"
0:" be"
0:" copyrighted"
0:" in"
0:" the"
0:" U"
0:".S"
0:".,"
0:" based"
0:" on"
0:" the"
0:" stance"
0:" of"
0:" the"
0:" Copyright"
0:" Office"
0:"."
0:" This"
0:" could"
0:" lead"
0:" to"
0:" potential"
0:" revenue"
0:" loss"
0:" for"
0:" creators"
0:","
0:" as"
0:" anyone"
0:" could"
0:" use"
0:" their"
0:" AI"
0:"-generated"
0:" content"
0:" without"
0:" permission"
0:"."
0:" Additionally"
0:","
0:" creators"
0:" could"
0:" be"
0:" held"
0:" liable"
0:" if"
0:" their"
0:" AI"
0:"-generated"
0:" content"
0:" is"
0:" found"
0:" to"
0:" infr"
0:"inge"
0:" on"
0:" existing"
0:" copyrights"
0:"."
e:{"finishReason":"stop","usage":{"promptTokens":483,"completionTokens":335},"isContinued":false}
d:{"finishReason":"stop","usage":{"promptTokens":483,"completionTokens":335}}
